training set size: 179820
test set size: 5794
batch size: 80
push set size: 5994
	test
	time: 	10.241598129272461
	cross ent: 	1.3229824114462425
	cluster: 	0.037562845788639165
	separation:	0.025026244994509835
	avg separation:	0.8841742266868723
	accu: 		76.13047980669658%
	l1: 		2374.169189453125
	p dist pair: 	2.223856210708618
prune
find nearest patches
	find nearest patches time: 	56.59372043609619
k = 6, prune_threshold = 3
600 prototypes will be pruned
	test
	time: 	9.467155456542969
	cross ent: 	1.9258113688436047
	cluster: 	0.045297053000279544
	separation:	0.038102258928120136
	avg separation:	0.9602239635483972
	accu: 		68.26026924404557%
	l1: 		1763.25537109375
	p dist pair: 	2.1165385246276855
optimize last layer
	last layer
iteration: 	0
	train
	time: 	284.32773208618164
	cross ent: 	0.018657205422149742
	cluster: 	0.008032889519254693
	separation:	0.0460435267408574
	avg separation:	0.9639319503063409
	accu: 		99.56512067623179%
	l1: 		1920.512451171875
	p dist pair: 	2.1165385246276855
	test
	time: 	9.481883525848389
	cross ent: 	1.453794037473613
	cluster: 	0.045297053000279544
	separation:	0.038102258928120136
	avg separation:	0.9602239635483972
	accu: 		73.7832240248533%
	l1: 		1920.512451171875
	p dist pair: 	2.1165385246276855
	above 70.00%
iteration: 	1
	train
	time: 	284.7341630458832
	cross ent: 	0.011631230150889672
	cluster: 	0.00803330904403138
	separation:	0.046044102515296156
	avg separation:	0.9639320327665034
	accu: 		99.76365254143032%
	l1: 		1879.2633056640625
	p dist pair: 	2.1165385246276855
	test
	time: 	9.489959001541138
	cross ent: 	1.433980959242788
	cluster: 	0.045297053000279544
	separation:	0.038102258928120136
	avg separation:	0.9602239635483972
	accu: 		73.9212978943735%
	l1: 		1879.2633056640625
	p dist pair: 	2.1165385246276855
	above 70.00%
iteration: 	2
	train
	time: 	284.16399455070496
	cross ent: 	0.00970813518803598
	cluster: 	0.008033182419997266
	separation:	0.04604393033330657
	avg separation:	0.9639322635754147
	accu: 		99.80369258147036%
	l1: 		1856.556884765625
	p dist pair: 	2.1165385246276855
	test
	time: 	9.49849271774292
	cross ent: 	1.405061004490688
	cluster: 	0.045297053000279544
	separation:	0.038102258928120136
	avg separation:	0.9602239635483972
	accu: 		73.95581636175353%
	l1: 		1856.556884765625
	p dist pair: 	2.1165385246276855
	above 70.00%
iteration: 	3
	train
	time: 	283.98897552490234
	cross ent: 	0.00854851731355504
	cluster: 	0.008033023966315576
	separation:	0.04604394873107031
	avg separation:	0.9639329316087889
	accu: 		99.83928372817262%
	l1: 		1825.731201171875
	p dist pair: 	2.1165385246276855
	test
	time: 	9.505290746688843
	cross ent: 	1.3841123868679177
	cluster: 	0.045297053000279544
	separation:	0.038102258928120136
	avg separation:	0.9602239635483972
	accu: 		74.11114946496376%
	l1: 		1825.731201171875
	p dist pair: 	2.1165385246276855
	above 70.00%
iteration: 	4
	train
	time: 	283.7142195701599
	cross ent: 	0.007932237681283451
	cluster: 	0.008033209589303363
	separation:	0.04604367112237098
	avg separation:	0.9639314173909693
	accu: 		99.85485485485486%
	l1: 		1821.59033203125
	p dist pair: 	2.1165385246276855
	test
	time: 	9.510769128799438
	cross ent: 	1.3802495691282997
	cluster: 	0.045297053000279544
	separation:	0.038102258928120136
	avg separation:	0.9602239635483972
	accu: 		74.24922333448394%
	l1: 		1821.59033203125
	p dist pair: 	2.1165385246276855
	above 70.00%
iteration: 	5
	train
	time: 	284.06285977363586
	cross ent: 	0.007299286678479871
	cluster: 	0.00803320432285649
	separation:	0.046044399842513836
	avg separation:	0.9639319354316942
	accu: 		99.87376265154043%
	l1: 		1795.4537353515625
	p dist pair: 	2.1165385246276855
	test
	time: 	9.469619274139404
	cross ent: 	1.3705997467041016
	cluster: 	0.045297053000279544
	separation:	0.038102258928120136
	avg separation:	0.9602239635483972
	accu: 		74.40455643769417%
	l1: 		1795.4537353515625
	p dist pair: 	2.1165385246276855
	above 70.00%
iteration: 	6
	train
	time: 	283.83971309661865
	cross ent: 	0.006966528532857701
	cluster: 	0.008033344660491229
	separation:	0.046044721697321246
	avg separation:	0.9639318926637708
	accu: 		99.87932376821266%
	l1: 		1782.104248046875
	p dist pair: 	2.1165385246276855
	test
	time: 	9.473064661026001
	cross ent: 	1.3632039438033927
	cluster: 	0.045297053000279544
	separation:	0.038102258928120136
	avg separation:	0.9602239635483972
	accu: 		74.5598895409044%
	l1: 		1782.104248046875
	p dist pair: 	2.1165385246276855
	above 70.00%
iteration: 	7
	train
	time: 	283.8055205345154
	cross ent: 	0.00666295548480484
	cluster: 	0.008032965966627942
	separation:	0.04604387596859414
	avg separation:	0.9639327088072631
	accu: 		99.88822155488822%
	l1: 		1775.964111328125
	p dist pair: 	2.1165385246276855
	test
	time: 	9.467803955078125
	cross ent: 	1.357766486447433
	cluster: 	0.045297053000279544
	separation:	0.038102258928120136
	avg separation:	0.9602239635483972
	accu: 		74.83603727994476%
	l1: 		1775.964111328125
	p dist pair: 	2.1165385246276855
	above 70.00%
iteration: 	8
	train
	time: 	283.939492225647
	cross ent: 	0.006431037165287524
	cluster: 	0.00803316142795329
	separation:	0.04604336759406954
	avg separation:	0.9639336237968923
	accu: 		99.89878767656546%
	l1: 		1765.997314453125
	p dist pair: 	2.1165385246276855
	test
	time: 	9.483262777328491
	cross ent: 	1.344046711921692
	cluster: 	0.045297053000279544
	separation:	0.038102258928120136
	avg separation:	0.9602239635483972
	accu: 		74.83603727994476%
	l1: 		1765.997314453125
	p dist pair: 	2.1165385246276855
	above 70.00%
iteration: 	9
	train
	time: 	283.76748061180115
	cross ent: 	0.006285174639415863
	cluster: 	0.008032970661976875
	separation:	0.04604357067541985
	avg separation:	0.9639295165118797
	accu: 		99.90156823490157%
	l1: 		1762.17236328125
	p dist pair: 	2.1165385246276855
	test
	time: 	9.480361461639404
	cross ent: 	1.3524923879524757
	cluster: 	0.045297053000279544
	separation:	0.038102258928120136
	avg separation:	0.9602239635483972
	accu: 		74.76700034518467%
	l1: 		1762.17236328125
	p dist pair: 	2.1165385246276855
	above 70.00%
iteration: 	10
	train
	time: 	283.8307523727417
	cross ent: 	0.006205868638101224
	cluster: 	0.00803318556735385
	separation:	0.04604415233442527
	avg separation:	0.9639346630335702
	accu: 		99.90268045823602%
	l1: 		1747.9366455078125
	p dist pair: 	2.1165385246276855
	test
	time: 	9.472951889038086
	cross ent: 	1.3457274652760605
	cluster: 	0.045297053000279544
	separation:	0.038102258928120136
	avg separation:	0.9602239635483972
	accu: 		74.80151881256472%
	l1: 		1747.9366455078125
	p dist pair: 	2.1165385246276855
	above 70.00%
iteration: 	11
	train
	time: 	283.64609003067017
	cross ent: 	0.006032885775619505
	cluster: 	0.008033303802649017
	separation:	0.046043634025240816
	avg separation:	0.9639357112586711
	accu: 		99.90824157490825%
	l1: 		1747.3773193359375
	p dist pair: 	2.1165385246276855
	test
	time: 	9.479093790054321
	cross ent: 	1.3424525754205112
	cluster: 	0.045297053000279544
	separation:	0.038102258928120136
	avg separation:	0.9602239635483972
	accu: 		74.68070417673457%
	l1: 		1747.3773193359375
	p dist pair: 	2.1165385246276855
	above 70.00%
iteration: 	12
	train
	time: 	284.2548975944519
	cross ent: 	0.00598533657352183
	cluster: 	0.008032980979232987
	separation:	0.04604361135201045
	avg separation:	0.963932662353821
	accu: 		99.91602713824936%
	l1: 		1758.329345703125
	p dist pair: 	2.1165385246276855
	test
	time: 	9.480014324188232
	cross ent: 	1.3498393882965218
	cluster: 	0.045297053000279544
	separation:	0.038102258928120136
	avg separation:	0.9602239635483972
	accu: 		74.49085260614429%
	l1: 		1758.329345703125
	p dist pair: 	2.1165385246276855
	above 70.00%
iteration: 	13
	train
	time: 	283.9453275203705
	cross ent: 	0.005823335032512909
	cluster: 	0.0080330384422087
	separation:	0.04604488618512807
	avg separation:	0.9639320117670022
	accu: 		99.92158825492159%
	l1: 		1747.41064453125
	p dist pair: 	2.1165385246276855
	test
	time: 	9.492819547653198
	cross ent: 	1.3429150663573166
	cluster: 	0.045297053000279544
	separation:	0.038102258928120136
	avg separation:	0.9602239635483972
	accu: 		74.66344494304454%
	l1: 		1747.41064453125
	p dist pair: 	2.1165385246276855
	above 70.00%
iteration: 	14
	train
	time: 	283.76998925209045
	cross ent: 	0.005796599232496039
	cluster: 	0.008033266331415517
	separation:	0.046043846915306996
	avg separation:	0.9639338270572156
	accu: 		99.92270047825603%
	l1: 		1745.3975830078125
	p dist pair: 	2.1165385246276855
	test
	time: 	9.506644010543823
	cross ent: 	1.3460883436531856
	cluster: 	0.045297053000279544
	separation:	0.038102258928120136
	avg separation:	0.9602239635483972
	accu: 		74.7152226441146%
	l1: 		1745.3975830078125
	p dist pair: 	2.1165385246276855
	above 70.00%
iteration: 	15
	train
	time: 	283.78501772880554
	cross ent: 	0.0057177749444676
	cluster: 	0.008033137205073418
	separation:	0.046043011351584645
	avg separation:	0.9639330931352551
	accu: 		99.91991991991992%
	l1: 		1732.771240234375
	p dist pair: 	2.1165385246276855
	test
	time: 	9.480294466018677
	cross ent: 	1.3358918788104222
	cluster: 	0.045297053000279544
	separation:	0.038102258928120136
	avg separation:	0.9602239635483972
	accu: 		74.5771487745944%
	l1: 		1732.771240234375
	p dist pair: 	2.1165385246276855
	above 70.00%
iteration: 	16
	train
	time: 	283.8423991203308
	cross ent: 	0.0056673039782182705
	cluster: 	0.008033216466093137
	separation:	0.04604358159443132
	avg separation:	0.9639324935358614
	accu: 		99.91991991991992%
	l1: 		1744.30810546875
	p dist pair: 	2.1165385246276855
	test
	time: 	9.473640441894531
	cross ent: 	1.350659934611156
	cluster: 	0.045297053000279544
	separation:	0.038102258928120136
	avg separation:	0.9602239635483972
	accu: 		74.47359337245426%
	l1: 		1744.30810546875
	p dist pair: 	2.1165385246276855
	above 70.00%
iteration: 	17
	train
	time: 	283.758761882782
	cross ent: 	0.005624828880891105
	cluster: 	0.008033091261207367
	separation:	0.04604398579837164
	avg separation:	0.9639347205170533
	accu: 		99.92714937159381%
	l1: 		1732.376953125
	p dist pair: 	2.1165385246276855
	test
	time: 	9.464541673660278
	cross ent: 	1.3397343765045036
	cluster: 	0.045297053000279544
	separation:	0.038102258928120136
	avg separation:	0.9602239635483972
	accu: 		74.54263030721437%
	l1: 		1732.376953125
	p dist pair: 	2.1165385246276855
	above 70.00%
iteration: 	18
	train
	time: 	283.62064003944397
	cross ent: 	0.00559159467361027
	cluster: 	0.00803314905457888
	separation:	0.04604415124070125
	avg separation:	0.9639345695433668
	accu: 		99.92270047825603%
	l1: 		1738.0931396484375
	p dist pair: 	2.1165385246276855
	test
	time: 	9.476389408111572
	cross ent: 	1.3415884128932296
	cluster: 	0.045297053000279544
	separation:	0.038102258928120136
	avg separation:	0.9602239635483972
	accu: 		74.49085260614429%
	l1: 		1738.0931396484375
	p dist pair: 	2.1165385246276855
	above 70.00%
iteration: 	19
	train
	time: 	283.7642331123352
	cross ent: 	0.005529991442211688
	cluster: 	0.008033570316678172
	separation:	0.04604404873887468
	avg separation:	0.9639328257363038
	accu: 		99.92158825492159%
	l1: 		1734.487548828125
	p dist pair: 	2.1165385246276855
	test
	time: 	9.494141578674316
	cross ent: 	1.3449608128646324
	cluster: 	0.045297053000279544
	separation:	0.038102258928120136
	avg separation:	0.9602239635483972
	accu: 		74.5598895409044%
	l1: 		1734.487548828125
	p dist pair: 	2.1165385246276855
	above 70.00%
iteration: 	20
	train
	time: 	283.4886734485626
	cross ent: 	0.005481061492784544
	cluster: 	0.008033216788203148
	separation:	0.04604349083190923
	avg separation:	0.9639312439064538
	accu: 		99.92103214325437%
	l1: 		1729.068603515625
	p dist pair: 	2.1165385246276855
	test
	time: 	9.487880229949951
	cross ent: 	1.3408744181024617
	cluster: 	0.045297053000279544
	separation:	0.038102258928120136
	avg separation:	0.9602239635483972
	accu: 		74.66344494304454%
	l1: 		1729.068603515625
	p dist pair: 	2.1165385246276855
	above 70.00%
iteration: 	21
	train
	time: 	283.5853340625763
	cross ent: 	0.00546087174213468
	cluster: 	0.008033125580319956
	separation:	0.04604366235600725
	avg separation:	0.9639340405256298
	accu: 		99.92381270159048%
	l1: 		1735.420166015625
	p dist pair: 	2.1165385246276855
	test
	time: 	9.465010166168213
	cross ent: 	1.35303726381269
	cluster: 	0.045297053000279544
	separation:	0.038102258928120136
	avg separation:	0.9602239635483972
	accu: 		74.5771487745944%
	l1: 		1735.420166015625
	p dist pair: 	2.1165385246276855
	above 70.00%
iteration: 	22
	train
	time: 	283.66972374916077
	cross ent: 	0.005375794300762791
	cluster: 	0.008033111953305817
	separation:	0.04604424289643128
	avg separation:	0.9639344436524178
	accu: 		99.92714937159381%
	l1: 		1733.7633056640625
	p dist pair: 	2.1165385246276855
	test
	time: 	9.482771635055542
	cross ent: 	1.3459786382214776
	cluster: 	0.045297053000279544
	separation:	0.038102258928120136
	avg separation:	0.9602239635483972
	accu: 		74.5771487745944%
	l1: 		1733.7633056640625
	p dist pair: 	2.1165385246276855
	above 70.00%
iteration: 	23
	train
	time: 	283.8305735588074
	cross ent: 	0.005323523317790829
	cluster: 	0.008033026681568314
	separation:	0.04604366076016447
	avg separation:	0.9639313870053274
	accu: 		99.92659325992659%
	l1: 		1741.8427734375
	p dist pair: 	2.1165385246276855
	test
	time: 	9.497277736663818
	cross ent: 	1.3472747874671016
	cluster: 	0.045297053000279544
	separation:	0.038102258928120136
	avg separation:	0.9602239635483972
	accu: 		74.74974111149464%
	l1: 		1741.8427734375
	p dist pair: 	2.1165385246276855
	above 70.00%
iteration: 	24
	train
	time: 	283.66882705688477
	cross ent: 	0.005322157714059533
	cluster: 	0.008033046189834797
	separation:	0.04604487520645893
	avg separation:	0.9639331388993195
	accu: 		99.92603714825937%
	l1: 		1733.871337890625
	p dist pair: 	2.1165385246276855
	test
	time: 	9.476760387420654
	cross ent: 	1.3479048599456918
	cluster: 	0.045297053000279544
	separation:	0.038102258928120136
	avg separation:	0.9602239635483972
	accu: 		74.74974111149464%
	l1: 		1733.871337890625
	p dist pair: 	2.1165385246276855
	above 70.00%
iteration: 	25
	train
	time: 	283.46733593940735
	cross ent: 	0.005242064074874985
	cluster: 	0.008033113415747403
	separation:	0.04604434676541287
	avg separation:	0.9639330880709814
	accu: 		99.92659325992659%
	l1: 		1730.787353515625
	p dist pair: 	2.1165385246276855
	test
	time: 	9.468719244003296
	cross ent: 	1.3383026051110234
	cluster: 	0.045297053000279544
	separation:	0.038102258928120136
	avg separation:	0.9602239635483972
	accu: 		74.81877804625474%
	l1: 		1730.787353515625
	p dist pair: 	2.1165385246276855
	above 70.00%
iteration: 	26
	train
	time: 	284.02736616134644
	cross ent: 	0.005188653342913338
	cluster: 	0.008033190548355324
	separation:	0.04604448652677105
	avg separation:	0.9639310458429767
	accu: 		99.9315982649316%
	l1: 		1738.408935546875
	p dist pair: 	2.1165385246276855
	test
	time: 	9.473548173904419
	cross ent: 	1.3363684426093925
	cluster: 	0.045297053000279544
	separation:	0.038102258928120136
	avg separation:	0.9602239635483972
	accu: 		74.7152226441146%
	l1: 		1738.408935546875
	p dist pair: 	2.1165385246276855
	above 70.00%
iteration: 	27
	train
	time: 	283.6401455402374
	cross ent: 	0.005219011498243113
	cluster: 	0.008033122907946172
	separation:	0.04604354452878714
	avg separation:	0.9639335238371456
	accu: 		99.92603714825937%
	l1: 		1732.019287109375
	p dist pair: 	2.1165385246276855
	test
	time: 	9.482233762741089
	cross ent: 	1.3371471546847244
	cluster: 	0.045297053000279544
	separation:	0.038102258928120136
	avg separation:	0.9602239635483972
	accu: 		74.87055574732481%
	l1: 		1732.019287109375
	p dist pair: 	2.1165385246276855
	above 70.00%
iteration: 	28
	train
	time: 	283.858767747879
	cross ent: 	0.005112442811056176
	cluster: 	0.008032998589846865
	separation:	0.04604425331000968
	avg separation:	0.9639340664568321
	accu: 		99.92937381826272%
	l1: 		1740.65087890625
	p dist pair: 	2.1165385246276855
	test
	time: 	9.468486309051514
	cross ent: 	1.3441076874732971
	cluster: 	0.045297053000279544
	separation:	0.038102258928120136
	avg separation:	0.9602239635483972
	accu: 		74.81877804625474%
	l1: 		1740.65087890625
	p dist pair: 	2.1165385246276855
	above 70.00%
iteration: 	29
	train
	time: 	283.8270401954651
	cross ent: 	0.005044996877214314
	cluster: 	0.00803288351330124
	separation:	0.046043377157526086
	avg separation:	0.9639345039199255
	accu: 		99.9315982649316%
	l1: 		1734.8681640625
	p dist pair: 	2.1165385246276855
	test
	time: 	9.481176853179932
	cross ent: 	1.3443457011518807
	cluster: 	0.045297053000279544
	separation:	0.038102258928120136
	avg separation:	0.9602239635483972
	accu: 		74.76700034518467%
	l1: 		1734.8681640625
	p dist pair: 	2.1165385246276855
	above 70.00%
iteration: 	30
	train
	time: 	283.74114632606506
	cross ent: 	0.005072565378414438
	cluster: 	0.008032912404601234
	separation:	0.046043565768576177
	avg separation:	0.9639345613503796
	accu: 		99.93215437659883%
	l1: 		1738.856689453125
	p dist pair: 	2.1165385246276855
	test
	time: 	9.46962285041809
	cross ent: 	1.3464159287255386
	cluster: 	0.045297053000279544
	separation:	0.038102258928120136
	avg separation:	0.9602239635483972
	accu: 		74.64618570935451%
	l1: 		1738.856689453125
	p dist pair: 	2.1165385246276855
	above 70.00%
iteration: 	31
	train
	time: 	283.8932111263275
	cross ent: 	0.004992699252255458
	cluster: 	0.008033225858655305
	separation:	0.04604364119907609
	avg separation:	0.9639340827102338
	accu: 		99.93326659993326%
	l1: 		1732.451416015625
	p dist pair: 	2.1165385246276855
	test
	time: 	9.48353385925293
	cross ent: 	1.336340325659719
	cluster: 	0.045297053000279544
	separation:	0.038102258928120136
	avg separation:	0.9602239635483972
	accu: 		74.81877804625474%
	l1: 		1732.451416015625
	p dist pair: 	2.1165385246276855
	above 70.00%
iteration: 	32
	train
	time: 	283.6429674625397
	cross ent: 	0.005021611825615111
	cluster: 	0.008033040767200822
	separation:	0.046043061129284815
	avg separation:	0.9639322291065365
	accu: 		99.92937381826272%
	l1: 		1739.4814453125
	p dist pair: 	2.1165385246276855
	test
	time: 	9.479025840759277
	cross ent: 	1.3431548358037555
	cluster: 	0.045297053000279544
	separation:	0.038102258928120136
	avg separation:	0.9602239635483972
	accu: 		74.7152226441146%
	l1: 		1739.4814453125
	p dist pair: 	2.1165385246276855
	above 70.00%
iteration: 	33
	train
	time: 	283.8981628417969
	cross ent: 	0.0049224083672326415
	cluster: 	0.008033358955339883
	separation:	0.04604410622235772
	avg separation:	0.9639337291125725
	accu: 		99.93938382827272%
	l1: 		1740.81591796875
	p dist pair: 	2.1165385246276855
	test
	time: 	9.497548818588257
	cross ent: 	1.3389401312532097
	cluster: 	0.045297053000279544
	separation:	0.038102258928120136
	avg separation:	0.9602239635483972
	accu: 		74.9395926820849%
	l1: 		1740.81591796875
	p dist pair: 	2.1165385246276855
	above 70.00%
iteration: 	34
	train
	time: 	283.8155128955841
	cross ent: 	0.004947516386374086
	cluster: 	0.008033225484551975
	separation:	0.04604424506565059
	avg separation:	0.9639331687281565
	accu: 		99.9315982649316%
	l1: 		1742.932373046875
	p dist pair: 	2.1165385246276855
	test
	time: 	9.477211236953735
	cross ent: 	1.3433056915628498
	cluster: 	0.045297053000279544
	separation:	0.038102258928120136
	avg separation:	0.9602239635483972
	accu: 		74.95685191577493%
	l1: 		1742.932373046875
	p dist pair: 	2.1165385246276855
	above 70.00%
iteration: 	35
	train
	time: 	283.569429397583
	cross ent: 	0.004881867154590088
	cluster: 	0.00803330744052425
	separation:	0.04604358041122079
	avg separation:	0.96393368130689
	accu: 		99.9343788232677%
	l1: 		1746.9561767578125
	p dist pair: 	2.1165385246276855
	test
	time: 	9.464789152145386
	cross ent: 	1.3520015252047572
	cluster: 	0.045297053000279544
	separation:	0.038102258928120136
	avg separation:	0.9602239635483972
	accu: 		74.87055574732481%
	l1: 		1746.9561767578125
	p dist pair: 	2.1165385246276855
	above 70.00%
iteration: 	36
	train
	time: 	283.384877204895
	cross ent: 	0.004876920135922314
	cluster: 	0.008033271686934611
	separation:	0.046043607754321286
	avg separation:	0.9639332743620109
	accu: 		99.93215437659883%
	l1: 		1749.2269287109375
	p dist pair: 	2.1165385246276855
	test
	time: 	9.481128215789795
	cross ent: 	1.353198009318319
	cluster: 	0.045297053000279544
	separation:	0.038102258928120136
	avg separation:	0.9602239635483972
	accu: 		74.85329651363479%
	l1: 		1749.2269287109375
	p dist pair: 	2.1165385246276855
	above 70.00%
iteration: 	37
	train
	time: 	283.8019845485687
	cross ent: 	0.004894359365403762
	cluster: 	0.008033132183471582
	separation:	0.04604411424134337
	avg separation:	0.963932469169016
	accu: 		99.93104215326437%
	l1: 		1746.224853515625
	p dist pair: 	2.1165385246276855
	test
	time: 	9.471768617630005
	cross ent: 	1.342054399950751
	cluster: 	0.045297053000279544
	separation:	0.038102258928120136
	avg separation:	0.9602239635483972
	accu: 		74.73248187780463%
	l1: 		1746.224853515625
	p dist pair: 	2.1165385246276855
	above 70.00%
iteration: 	38
	train
	time: 	283.6029648780823
	cross ent: 	0.004822442055079863
	cluster: 	0.008033157300387983
	separation:	0.04604347864351504
	avg separation:	0.96393277411253
	accu: 		99.93271048826604%
	l1: 		1754.4793701171875
	p dist pair: 	2.1165385246276855
	test
	time: 	9.48707103729248
	cross ent: 	1.3584404443872387
	cluster: 	0.045297053000279544
	separation:	0.038102258928120136
	avg separation:	0.9602239635483972
	accu: 		74.61166724197446%
	l1: 		1754.4793701171875
	p dist pair: 	2.1165385246276855
	above 70.00%
iteration: 	39
	train
	time: 	283.84136271476746
	cross ent: 	0.0047772581230182435
	cluster: 	0.008033145742542259
	separation:	0.0460439551774134
	avg separation:	0.9639341585152514
	accu: 		99.93660326993661%
	l1: 		1753.6767578125
	p dist pair: 	2.1165385246276855
	test
	time: 	9.472168922424316
	cross ent: 	1.3466340899467468
	cluster: 	0.045297053000279544
	separation:	0.038102258928120136
	avg separation:	0.9602239635483972
	accu: 		74.99137038315499%
	l1: 		1753.6767578125
	p dist pair: 	2.1165385246276855
	above 70.00%
iteration: 	40
	train
	time: 	284.71313667297363
	cross ent: 	0.004729166169871928
	cluster: 	0.008033133723592432
	separation:	0.046043359641370185
	avg separation:	0.9639348229691651
	accu: 		99.93382271160048%
	l1: 		1751.874267578125
	p dist pair: 	2.1165385246276855
	test
	time: 	9.498058795928955
	cross ent: 	1.3510599660462346
	cluster: 	0.045297053000279544
	separation:	0.038102258928120136
	avg separation:	0.9602239635483972
	accu: 		74.81877804625474%
	l1: 		1751.874267578125
	p dist pair: 	2.1165385246276855
	above 70.00%
iteration: 	41
	train
	time: 	284.0152359008789
	cross ent: 	0.004778784917204359
	cluster: 	0.008033019500275828
	separation:	0.04604409017775778
	avg separation:	0.9639310885313567
	accu: 		99.93326659993326%
	l1: 		1749.2589111328125
	p dist pair: 	2.1165385246276855
	test
	time: 	9.512126684188843
	cross ent: 	1.350694399455498
	cluster: 	0.045297053000279544
	separation:	0.038102258928120136
	avg separation:	0.9602239635483972
	accu: 		74.9395926820849%
	l1: 		1749.2589111328125
	p dist pair: 	2.1165385246276855
	above 70.00%
iteration: 	42
	train
	time: 	284.0521743297577
	cross ent: 	0.004701497874699025
	cluster: 	0.00803323883109219
	separation:	0.046043122603203375
	avg separation:	0.9639335163600504
	accu: 		99.93326659993326%
	l1: 		1749.10205078125
	p dist pair: 	2.1165385246276855
	test
	time: 	9.48251748085022
	cross ent: 	1.3541951724167527
	cluster: 	0.045297053000279544
	separation:	0.038102258928120136
	avg separation:	0.9602239635483972
	accu: 		74.74974111149464%
	l1: 		1749.10205078125
	p dist pair: 	2.1165385246276855
	above 70.00%
iteration: 	43
	train
	time: 	283.823766708374
	cross ent: 	0.004711129789848525
	cluster: 	0.008033042991727763
	separation:	0.04604421576213264
	avg separation:	0.9639340996795278
	accu: 		99.9343788232677%
	l1: 		1760.7442626953125
	p dist pair: 	2.1165385246276855
	test
	time: 	9.490183115005493
	cross ent: 	1.356685662064059
	cluster: 	0.045297053000279544
	separation:	0.038102258928120136
	avg separation:	0.9602239635483972
	accu: 		74.81877804625474%
	l1: 		1760.7442626953125
	p dist pair: 	2.1165385246276855
	above 70.00%
iteration: 	44
	train
	time: 	284.13865303993225
	cross ent: 	0.004634597272728104
	cluster: 	0.008033227780129548
	separation:	0.04604359043868146
	avg separation:	0.9639321078821433
	accu: 		99.93549104660215%
	l1: 		1754.21044921875
	p dist pair: 	2.1165385246276855
	test
	time: 	9.494688510894775
	cross ent: 	1.3528003815946907
	cluster: 	0.045297053000279544
	separation:	0.038102258928120136
	avg separation:	0.9602239635483972
	accu: 		74.9223334483949%
	l1: 		1754.21044921875
	p dist pair: 	2.1165385246276855
	above 70.00%
iteration: 	45
	train
	time: 	283.8731734752655
	cross ent: 	0.004670202540454677
	cluster: 	0.00803300534980703
	separation:	0.04604377900995977
	avg separation:	0.9639328917839773
	accu: 		99.93326659993326%
	l1: 		1758.9404296875
	p dist pair: 	2.1165385246276855
	test
	time: 	9.468971252441406
	cross ent: 	1.350194709054355
	cluster: 	0.045297053000279544
	separation:	0.038102258928120136
	avg separation:	0.9602239635483972
	accu: 		74.95685191577493%
	l1: 		1758.9404296875
	p dist pair: 	2.1165385246276855
	above 70.00%
iteration: 	46
	train
	time: 	284.07087779045105
	cross ent: 	0.004598096859624232
	cluster: 	0.008033073641271976
	separation:	0.04604399933734928
	avg separation:	0.9639326166693002
	accu: 		99.93882771660549%
	l1: 		1761.4501953125
	p dist pair: 	2.1165385246276855
	test
	time: 	9.498599529266357
	cross ent: 	1.3556821397666274
	cluster: 	0.045297053000279544
	separation:	0.038102258928120136
	avg separation:	0.9602239635483972
	accu: 		74.83603727994476%
	l1: 		1761.4501953125
	p dist pair: 	2.1165385246276855
	above 70.00%
iteration: 	47
	train
	time: 	284.0575301647186
	cross ent: 	0.004561078446120687
	cluster: 	0.00803300700882894
	separation:	0.0460438597715357
	avg separation:	0.9639343725934996
	accu: 		99.93882771660549%
	l1: 		1760.8067626953125
	p dist pair: 	2.1165385246276855
	test
	time: 	9.474675178527832
	cross ent: 	1.3509440915337925
	cluster: 	0.045297053000279544
	separation:	0.038102258928120136
	avg separation:	0.9602239635483972
	accu: 		74.87055574732481%
	l1: 		1760.8067626953125
	p dist pair: 	2.1165385246276855
	above 70.00%
iteration: 	48
	train
	time: 	283.91720366477966
	cross ent: 	0.00457188684035876
	cluster: 	0.008033112255944224
	separation:	0.04604362610568462
	avg separation:	0.9639340530404841
	accu: 		99.9315982649316%
	l1: 		1763.62841796875
	p dist pair: 	2.1165385246276855
	test
	time: 	9.472146987915039
	cross ent: 	1.353082771958976
	cluster: 	0.045297053000279544
	separation:	0.038102258928120136
	avg separation:	0.9602239635483972
	accu: 		74.99137038315499%
	l1: 		1763.62841796875
	p dist pair: 	2.1165385246276855
	above 70.00%
iteration: 	49
	train
	time: 	283.64426445961
	cross ent: 	0.004535970526534927
	cluster: 	0.008033239607263383
	separation:	0.04604391436493588
	avg separation:	0.9639353103060739
	accu: 		99.93660326993661%
	l1: 		1765.715087890625
	p dist pair: 	2.1165385246276855
	test
	time: 	9.482252359390259
	cross ent: 	1.3471121191978455
	cluster: 	0.045297053000279544
	separation:	0.038102258928120136
	avg separation:	0.9602239635483972
	accu: 		75.00862961684501%
	l1: 		1765.715087890625
	p dist pair: 	2.1165385246276855
	above 70.00%
iteration: 	50
	train
	time: 	284.11766028404236
	cross ent: 	0.004516123849634338
	cluster: 	0.008034444352764358
	separation:	0.04604365741933474
	avg separation:	0.9639344623981846
	accu: 		99.93882771660549%
	l1: 		1767.2763671875
	p dist pair: 	2.1165385246276855
	test
	time: 	9.48405408859253
	cross ent: 	1.36286307100592
	cluster: 	0.045297053000279544
	separation:	0.038102258928120136
	avg separation:	0.9602239635483972
	accu: 		74.85329651363479%
	l1: 		1767.2763671875
	p dist pair: 	2.1165385246276855
	above 70.00%
iteration: 	51
	train
	time: 	283.814665555954
	cross ent: 	0.00453530532499713
	cluster: 	0.008033197133692506
	separation:	0.04604384789800146
	avg separation:	0.9639317163156869
	accu: 		99.93271048826604%
	l1: 		1761.290771484375
	p dist pair: 	2.1165385246276855
	test
	time: 	9.47208046913147
	cross ent: 	1.353749596867068
	cluster: 	0.045297053000279544
	separation:	0.038102258928120136
	avg separation:	0.9602239635483972
	accu: 		74.90507421470487%
	l1: 		1761.290771484375
	p dist pair: 	2.1165385246276855
	above 70.00%
iteration: 	52
	train
	time: 	283.8467004299164
	cross ent: 	0.004486878028628489
	cluster: 	0.008033236717594807
	separation:	0.04604447340871144
	avg separation:	0.9639345021169381
	accu: 		99.93715938160382%
	l1: 		1765.652099609375
	p dist pair: 	2.1165385246276855
	test
	time: 	9.438417911529541
	cross ent: 	1.35678152791385
	cluster: 	0.045297053000279544
	separation:	0.038102258928120136
	avg separation:	0.9602239635483972
	accu: 		74.99137038315499%
	l1: 		1765.652099609375
	p dist pair: 	2.1165385246276855
	above 70.00%
iteration: 	53
	train
	time: 	283.71396565437317
	cross ent: 	0.00447413482071037
	cluster: 	0.008033290141248857
	separation:	0.04604384324304574
	avg separation:	0.963932375095493
	accu: 		99.93938382827272%
	l1: 		1767.245361328125
	p dist pair: 	2.1165385246276855
	test
	time: 	9.508975744247437
	cross ent: 	1.360265104935087
	cluster: 	0.045297053000279544
	separation:	0.038102258928120136
	avg separation:	0.9602239635483972
	accu: 		74.83603727994476%
	l1: 		1767.245361328125
	p dist pair: 	2.1165385246276855
	above 70.00%
iteration: 	54
	train
	time: 	284.2819986343384
	cross ent: 	0.004463313458191252
	cluster: 	0.00803311456353619
	separation:	0.046044566129993816
	avg separation:	0.9639337468507876
	accu: 		99.93326659993326%
	l1: 		1778.97021484375
	p dist pair: 	2.1165385246276855
	test
	time: 	9.4655442237854
	cross ent: 	1.3562115996048367
	cluster: 	0.045297053000279544
	separation:	0.038102258928120136
	avg separation:	0.9602239635483972
	accu: 		74.9223334483949%
	l1: 		1778.97021484375
	p dist pair: 	2.1165385246276855
	above 70.00%
iteration: 	55
	train
	time: 	284.05777072906494
	cross ent: 	0.00440942120951078
	cluster: 	0.008032971194131612
	separation:	0.046043280160777085
	avg separation:	0.9639308725175484
	accu: 		99.93882771660549%
	l1: 		1772.7662353515625
	p dist pair: 	2.1165385246276855
	test
	time: 	9.468093156814575
	cross ent: 	1.3588903351076718
	cluster: 	0.045297053000279544
	separation:	0.038102258928120136
	avg separation:	0.9602239635483972
	accu: 		74.74974111149464%
	l1: 		1772.7662353515625
	p dist pair: 	2.1165385246276855
	above 70.00%
iteration: 	56
	train
	time: 	283.8478317260742
	cross ent: 	0.004382814901197187
	cluster: 	0.008033078587473142
	separation:	0.04604370454558274
	avg separation:	0.9639329461387468
	accu: 		99.94049605160717%
	l1: 		1780.070068359375
	p dist pair: 	2.1165385246276855
	test
	time: 	9.483441352844238
	cross ent: 	1.3646744900736316
	cluster: 	0.045297053000279544
	separation:	0.038102258928120136
	avg separation:	0.9602239635483972
	accu: 		74.62892647566449%
	l1: 		1780.070068359375
	p dist pair: 	2.1165385246276855
	above 70.00%
iteration: 	57
	train
	time: 	283.720507144928
	cross ent: 	0.004389252525687365
	cluster: 	0.008033301299719598
	separation:	0.04604388452449886
	avg separation:	0.9639338759234791
	accu: 		99.94105216327439%
	l1: 		1772.89453125
	p dist pair: 	2.1165385246276855
	test
	time: 	9.469662189483643
	cross ent: 	1.3561604773176128
	cluster: 	0.045297053000279544
	separation:	0.038102258928120136
	avg separation:	0.9602239635483972
	accu: 		74.90507421470487%
	l1: 		1772.89453125
	p dist pair: 	2.1165385246276855
	above 70.00%
iteration: 	58
	train
	time: 	283.5730381011963
	cross ent: 	0.004395863223805311
	cluster: 	0.008033003675042125
	separation:	0.046043391989086656
	avg separation:	0.9639296431717499
	accu: 		99.94438883327771%
	l1: 		1777.0894775390625
	p dist pair: 	2.1165385246276855
	test
	time: 	9.469994068145752
	cross ent: 	1.3646534527170247
	cluster: 	0.045297053000279544
	separation:	0.038102258928120136
	avg separation:	0.9602239635483972
	accu: 		74.80151881256472%
	l1: 		1777.0894775390625
	p dist pair: 	2.1165385246276855
	above 70.00%
iteration: 	59
	train
	time: 	283.46809673309326
	cross ent: 	0.004359036115475837
	cluster: 	0.008033117549734197
	separation:	0.046043244066227264
	avg separation:	0.9639314275990601
	accu: 		99.93827160493827%
	l1: 		1777.0589599609375
	p dist pair: 	2.1165385246276855
	test
	time: 	9.471723794937134
	cross ent: 	1.3647984112131184
	cluster: 	0.045297053000279544
	separation:	0.038102258928120136
	avg separation:	0.9602239635483972
	accu: 		75.00862961684501%
	l1: 		1777.0589599609375
	p dist pair: 	2.1165385246276855
	above 70.00%
iteration: 	60
	train
	time: 	283.28191804885864
	cross ent: 	0.00435871071931615
	cluster: 	0.008033178732614447
	separation:	0.046043097195662956
	avg separation:	0.9639341244175765
	accu: 		99.93715938160382%
	l1: 		1775.109619140625
	p dist pair: 	2.1165385246276855
	test
	time: 	9.456691265106201
	cross ent: 	1.3590121187012771
	cluster: 	0.045297053000279544
	separation:	0.038102258928120136
	avg separation:	0.9602239635483972
	accu: 		74.95685191577493%
	l1: 		1775.109619140625
	p dist pair: 	2.1165385246276855
	above 70.00%
iteration: 	61
	train
	time: 	283.9587769508362
	cross ent: 	0.004293473644730152
	cluster: 	0.008033137364574837
	separation:	0.04604394117608879
	avg separation:	0.9639301427053387
	accu: 		99.94105216327439%
	l1: 		1781.23388671875
	p dist pair: 	2.1165385246276855
	test
	time: 	9.485986709594727
	cross ent: 	1.3561304355489796
	cluster: 	0.045297053000279544
	separation:	0.038102258928120136
	avg separation:	0.9602239635483972
	accu: 		74.97411114946496%
	l1: 		1781.23388671875
	p dist pair: 	2.1165385246276855
	above 70.00%
iteration: 	62
	train
	time: 	283.86335730552673
	cross ent: 	0.004269609528356435
	cluster: 	0.008032945242214921
	separation:	0.04604342721528589
	avg separation:	0.9639286660320818
	accu: 		99.9416082749416%
	l1: 		1778.550048828125
	p dist pair: 	2.1165385246276855
	test
	time: 	9.497449159622192
	cross ent: 	1.3634131458298913
	cluster: 	0.045297053000279544
	separation:	0.038102258928120136
	avg separation:	0.9602239635483972
	accu: 		74.83603727994476%
	l1: 		1778.550048828125
	p dist pair: 	2.1165385246276855
	above 70.00%
iteration: 	63
	train
	time: 	283.32665371894836
	cross ent: 	0.004284080419537113
	cluster: 	0.00803298318884551
	separation:	0.04604397577422528
	avg separation:	0.9639346807717852
	accu: 		99.94049605160717%
	l1: 		1788.804443359375
	p dist pair: 	2.1165385246276855
	test
	time: 	9.4633469581604
	cross ent: 	1.3711423411451538
	cluster: 	0.045297053000279544
	separation:	0.038102258928120136
	avg separation:	0.9602239635483972
	accu: 		74.74974111149464%
	l1: 		1788.804443359375
	p dist pair: 	2.1165385246276855
	above 70.00%
iteration: 	64
	train
	time: 	283.8673725128174
	cross ent: 	0.004271272979549329
	cluster: 	0.008033159061325084
	separation:	0.0460436990902199
	avg separation:	0.9639323914019239
	accu: 		99.94049605160717%
	l1: 		1786.6435546875
	p dist pair: 	2.1165385246276855
	test
	time: 	9.475295543670654
	cross ent: 	1.365167381434605
	cluster: 	0.045297053000279544
	separation:	0.038102258928120136
	avg separation:	0.9602239635483972
	accu: 		74.95685191577493%
	l1: 		1786.6435546875
	p dist pair: 	2.1165385246276855
	above 70.00%
iteration: 	65
	train
	time: 	283.66366744041443
	cross ent: 	0.004222166925582286
	cluster: 	0.008032884186314372
	separation:	0.04604368602850365
	avg separation:	0.9639327720974263
	accu: 		99.94327660994328%
	l1: 		1789.171875
	p dist pair: 	2.1165385246276855
	test
	time: 	9.466184854507446
	cross ent: 	1.368932438307795
	cluster: 	0.045297053000279544
	separation:	0.038102258928120136
	avg separation:	0.9602239635483972
	accu: 		74.68070417673457%
	l1: 		1789.171875
	p dist pair: 	2.1165385246276855
	above 70.00%
iteration: 	66
	train
	time: 	283.7502806186676
	cross ent: 	0.004205066545849237
	cluster: 	0.008033139606916224
	separation:	0.04604334970505318
	avg separation:	0.9639295847602586
	accu: 		99.94327660994328%
	l1: 		1780.6912841796875
	p dist pair: 	2.1165385246276855
	test
	time: 	9.474011898040771
	cross ent: 	1.3622043420528542
	cluster: 	0.045297053000279544
	separation:	0.038102258928120136
	avg separation:	0.9602239635483972
	accu: 		74.88781498101484%
	l1: 		1780.6912841796875
	p dist pair: 	2.1165385246276855
	above 70.00%
iteration: 	67
	train
	time: 	283.4834723472595
	cross ent: 	0.004171222028667362
	cluster: 	0.00803324513657688
	separation:	0.04604351229210023
	avg separation:	0.9639332660894802
	accu: 		99.94327660994328%
	l1: 		1793.366943359375
	p dist pair: 	2.1165385246276855
	test
	time: 	9.473368644714355
	cross ent: 	1.3732781369110634
	cluster: 	0.045297053000279544
	separation:	0.038102258928120136
	avg separation:	0.9602239635483972
	accu: 		74.83603727994476%
	l1: 		1793.366943359375
	p dist pair: 	2.1165385246276855
	above 70.00%
iteration: 	68
	train
	time: 	283.95032382011414
	cross ent: 	0.004197437955654386
	cluster: 	0.00803295529805442
	separation:	0.046044646483908984
	avg separation:	0.9639353118704307
	accu: 		99.94105216327439%
	l1: 		1786.33349609375
	p dist pair: 	2.1165385246276855
	test
	time: 	9.485608100891113
	cross ent: 	1.3668901786721985
	cluster: 	0.045297053000279544
	separation:	0.038102258928120136
	avg separation:	0.9602239635483972
	accu: 		74.87055574732481%
	l1: 		1786.33349609375
	p dist pair: 	2.1165385246276855
	above 70.00%
iteration: 	69
	train
	time: 	283.24591183662415
	cross ent: 	0.004168058355826749
	cluster: 	0.008032952407142977
	separation:	0.04604428213460908
	avg separation:	0.9639348273970902
	accu: 		99.93493493493494%
	l1: 		1795.3282470703125
	p dist pair: 	2.1165385246276855
	test
	time: 	9.467108488082886
	cross ent: 	1.3762734265163028
	cluster: 	0.045297053000279544
	separation:	0.038102258928120136
	avg separation:	0.9602239635483972
	accu: 		74.59440800828443%
	l1: 		1795.3282470703125
	p dist pair: 	2.1165385246276855
	above 70.00%
iteration: 	70
	train
	time: 	283.9662890434265
	cross ent: 	0.004178970421847895
	cluster: 	0.008032945460752582
	separation:	0.04604408261614762
	avg separation:	0.963931686539879
	accu: 		99.9438327216105%
	l1: 		1796.251708984375
	p dist pair: 	2.1165385246276855
	test
	time: 	9.483341932296753
	cross ent: 	1.3710282866297097
	cluster: 	0.045297053000279544
	separation:	0.038102258928120136
	avg separation:	0.9602239635483972
	accu: 		74.80151881256472%
	l1: 		1796.251708984375
	p dist pair: 	2.1165385246276855
	above 70.00%
iteration: 	71
	train
	time: 	284.1527693271637
	cross ent: 	0.004118954884199987
	cluster: 	0.008033360093807158
	separation:	0.046043560452414575
	avg separation:	0.9639326114459394
	accu: 		99.93993993993993%
	l1: 		1790.841552734375
	p dist pair: 	2.1165385246276855
	test
	time: 	9.47846531867981
	cross ent: 	1.3653174381831596
	cluster: 	0.045297053000279544
	separation:	0.038102258928120136
	avg separation:	0.9602239635483972
	accu: 		74.90507421470487%
	l1: 		1790.841552734375
	p dist pair: 	2.1165385246276855
	above 70.00%
iteration: 	72
	train
	time: 	283.9286460876465
	cross ent: 	0.004145544180285719
	cluster: 	0.008033052741821683
	separation:	0.046043772048240665
	avg separation:	0.9639324375371916
	accu: 		99.94105216327439%
	l1: 		1794.389404296875
	p dist pair: 	2.1165385246276855
	test
	time: 	9.459872722625732
	cross ent: 	1.3701963989899075
	cluster: 	0.045297053000279544
	separation:	0.038102258928120136
	avg separation:	0.9602239635483972
	accu: 		74.90507421470487%
	l1: 		1794.389404296875
	p dist pair: 	2.1165385246276855
	above 70.00%
iteration: 	73
	train
	time: 	283.2787380218506
	cross ent: 	0.004121192385937838
	cluster: 	0.008032785048724891
	separation:	0.046043683489738196
	avg separation:	0.9639337134690047
	accu: 		99.94216438660884%
	l1: 		1794.11572265625
	p dist pair: 	2.1165385246276855
	test
	time: 	9.508084058761597
	cross ent: 	1.3667433385191292
	cluster: 	0.045297053000279544
	separation:	0.038102258928120136
	avg separation:	0.9602239635483972
	accu: 		74.99137038315499%
	l1: 		1794.11572265625
	p dist pair: 	2.1165385246276855
	above 70.00%
iteration: 	74
	train
	time: 	283.448139667511
	cross ent: 	0.004117224595803136
	cluster: 	0.008032942683770722
	separation:	0.04604367827797753
	avg separation:	0.9639344109069834
	accu: 		99.93882771660549%
	l1: 		1805.949951171875
	p dist pair: 	2.1165385246276855
	test
	time: 	9.486345291137695
	cross ent: 	1.3825335790371072
	cluster: 	0.045297053000279544
	separation:	0.038102258928120136
	avg separation:	0.9602239635483972
	accu: 		74.73248187780463%
	l1: 		1805.949951171875
	p dist pair: 	2.1165385246276855
	above 70.00%
iteration: 	75
	train
	time: 	283.7387361526489
	cross ent: 	0.004120545786408458
	cluster: 	0.008033080808271479
	separation:	0.04604386136572132
	avg separation:	0.9639331519444642
	accu: 		99.93993993993993%
	l1: 		1799.47265625
	p dist pair: 	2.1165385246276855
	test
	time: 	9.469787359237671
	cross ent: 	1.3756909452635666
	cluster: 	0.045297053000279544
	separation:	0.038102258928120136
	avg separation:	0.9602239635483972
	accu: 		74.74974111149464%
	l1: 		1799.47265625
	p dist pair: 	2.1165385246276855
	above 70.00%
iteration: 	76
	train
	time: 	283.37791109085083
	cross ent: 	0.004038599587642679
	cluster: 	0.008033058864604748
	separation:	0.04604391097604857
	avg separation:	0.9639337253475104
	accu: 		99.94327660994328%
	l1: 		1810.386474609375
	p dist pair: 	2.1165385246276855
	test
	time: 	9.490432500839233
	cross ent: 	1.3722972232719948
	cluster: 	0.045297053000279544
	separation:	0.038102258928120136
	avg separation:	0.9602239635483972
	accu: 		74.69796341042458%
	l1: 		1810.386474609375
	p dist pair: 	2.1165385246276855
	above 70.00%
iteration: 	77
	train
	time: 	283.69273924827576
	cross ent: 	0.004042695056066358
	cluster: 	0.008033077271690002
	separation:	0.0460443845287204
	avg separation:	0.9639335686732017
	accu: 		99.93882771660549%
	l1: 		1809.176025390625
	p dist pair: 	2.1165385246276855
	test
	time: 	9.480825901031494
	cross ent: 	1.3851636165174945
	cluster: 	0.045297053000279544
	separation:	0.038102258928120136
	avg separation:	0.9602239635483972
	accu: 		74.69796341042458%
	l1: 		1809.176025390625
	p dist pair: 	2.1165385246276855
	above 70.00%
iteration: 	78
	train
	time: 	283.92177152633667
	cross ent: 	0.0040787580027430125
	cluster: 	0.008033091375136954
	separation:	0.04604389418075623
	avg separation:	0.9639331406757925
	accu: 		99.94049605160717%
	l1: 		1802.5545654296875
	p dist pair: 	2.1165385246276855
	test
	time: 	9.476380348205566
	cross ent: 	1.3748725652694702
	cluster: 	0.045297053000279544
	separation:	0.038102258928120136
	avg separation:	0.9602239635483972
	accu: 		74.7842595788747%
	l1: 		1802.5545654296875
	p dist pair: 	2.1165385246276855
	above 70.00%
iteration: 	79
	train
	time: 	283.5768246650696
	cross ent: 	0.004062567436484774
	cluster: 	0.008032952796575014
	separation:	0.046043597627431154
	avg separation:	0.9639306501667695
	accu: 		99.94216438660884%
	l1: 		1808.271240234375
	p dist pair: 	2.1165385246276855
	test
	time: 	9.502102851867676
	cross ent: 	1.381424974778603
	cluster: 	0.045297053000279544
	separation:	0.038102258928120136
	avg separation:	0.9602239635483972
	accu: 		74.83603727994476%
	l1: 		1808.271240234375
	p dist pair: 	2.1165385246276855
	above 70.00%
iteration: 	80
	train
	time: 	283.4521071910858
	cross ent: 	0.0040608354217779715
	cluster: 	0.008033276650328786
	separation:	0.04604312455367787
	avg separation:	0.9639332608130903
	accu: 		99.93993993993993%
	l1: 		1800.00439453125
	p dist pair: 	2.1165385246276855
	test
	time: 	9.455023765563965
	cross ent: 	1.3752541326243302
	cluster: 	0.045297053000279544
	separation:	0.038102258928120136
	avg separation:	0.9602239635483972
	accu: 		74.87055574732481%
	l1: 		1800.00439453125
	p dist pair: 	2.1165385246276855
	above 70.00%
iteration: 	81
	train
	time: 	283.75832319259644
	cross ent: 	0.004030648996007863
	cluster: 	0.008032832737370755
	separation:	0.046044245037478906
	avg separation:	0.9639334064838725
	accu: 		99.93882771660549%
	l1: 		1808.2830810546875
	p dist pair: 	2.1165385246276855
	test
	time: 	9.465694189071655
	cross ent: 	1.3822734355926514
	cluster: 	0.045297053000279544
	separation:	0.038102258928120136
	avg separation:	0.9602239635483972
	accu: 		74.74974111149464%
	l1: 		1808.2830810546875
	p dist pair: 	2.1165385246276855
	above 70.00%
iteration: 	82
	train
	time: 	283.58274936676025
	cross ent: 	0.004027965826707359
	cluster: 	0.00803303208120923
	separation:	0.04604378646385468
	avg separation:	0.963932442177233
	accu: 		99.94327660994328%
	l1: 		1811.8994140625
	p dist pair: 	2.1165385246276855
	test
	time: 	9.520282506942749
	cross ent: 	1.3772001944739243
	cluster: 	0.045297053000279544
	separation:	0.038102258928120136
	avg separation:	0.9602239635483972
	accu: 		74.80151881256472%
	l1: 		1811.8994140625
	p dist pair: 	2.1165385246276855
	above 70.00%
iteration: 	83
	train
	time: 	283.7760977745056
	cross ent: 	0.00402709269307781
	cluster: 	0.008032893885450696
	separation:	0.04604405088820809
	avg separation:	0.9639356686498347
	accu: 		99.94327660994328%
	l1: 		1809.5498046875
	p dist pair: 	2.1165385246276855
	test
	time: 	9.469848394393921
	cross ent: 	1.379332301945522
	cluster: 	0.045297053000279544
	separation:	0.038102258928120136
	avg separation:	0.9602239635483972
	accu: 		74.81877804625474%
	l1: 		1809.5498046875
	p dist pair: 	2.1165385246276855
	above 70.00%
iteration: 	84
	train
	time: 	283.809366941452
	cross ent: 	0.004009892786248801
	cluster: 	0.008033017168862221
	separation:	0.04604342718711421
	avg separation:	0.9639309522997442
	accu: 		99.93993993993993%
	l1: 		1812.69921875
	p dist pair: 	2.1165385246276855
	test
	time: 	9.475618600845337
	cross ent: 	1.3822686949680592
	cluster: 	0.045297053000279544
	separation:	0.038102258928120136
	avg separation:	0.9602239635483972
	accu: 		74.90507421470487%
	l1: 		1812.69921875
	p dist pair: 	2.1165385246276855
	above 70.00%
iteration: 	85
	train
	time: 	283.47742915153503
	cross ent: 	0.003964401152180565
	cluster: 	0.008033054256878024
	separation:	0.046043808573651465
	avg separation:	0.9639337445440241
	accu: 		99.94105216327439%
	l1: 		1814.673583984375
	p dist pair: 	2.1165385246276855
	test
	time: 	9.527843713760376
	cross ent: 	1.3890135987051602
	cluster: 	0.045297053000279544
	separation:	0.038102258928120136
	avg separation:	0.9602239635483972
	accu: 		74.81877804625474%
	l1: 		1814.673583984375
	p dist pair: 	2.1165385246276855
	above 70.00%
iteration: 	86
	train
	time: 	284.33128595352173
	cross ent: 	0.003964605315520471
	cluster: 	0.008032970157579528
	separation:	0.04604381357826743
	avg separation:	0.9639320273310265
	accu: 		99.93993993993993%
	l1: 		1822.0543212890625
	p dist pair: 	2.1165385246276855
	test
	time: 	9.483546733856201
	cross ent: 	1.3868635584568154
	cluster: 	0.045297053000279544
	separation:	0.038102258928120136
	avg separation:	0.9602239635483972
	accu: 		74.7842595788747%
	l1: 		1822.0543212890625
	p dist pair: 	2.1165385246276855
	above 70.00%
iteration: 	87
	train
	time: 	283.306188583374
	cross ent: 	0.0039587733129101445
	cluster: 	0.008032922716471581
	separation:	0.046043759463785805
	avg separation:	0.9639332538397711
	accu: 		99.9438327216105%
	l1: 		1819.2755126953125
	p dist pair: 	2.1165385246276855
	test
	time: 	9.482112884521484
	cross ent: 	1.3840169680529628
	cluster: 	0.045297053000279544
	separation:	0.038102258928120136
	avg separation:	0.9602239635483972
	accu: 		74.81877804625474%
	l1: 		1819.2755126953125
	p dist pair: 	2.1165385246276855
	above 70.00%
iteration: 	88
	train
	time: 	283.2552213668823
	cross ent: 	0.0039230526973366465
	cluster: 	0.008033143993826696
	separation:	0.04604465788183899
	avg separation:	0.9639310468240141
	accu: 		99.94216438660884%
	l1: 		1811.5946044921875
	p dist pair: 	2.1165385246276855
	test
	time: 	9.468780994415283
	cross ent: 	1.3783522083841522
	cluster: 	0.045297053000279544
	separation:	0.038102258928120136
	avg separation:	0.9602239635483972
	accu: 		74.88781498101484%
	l1: 		1811.5946044921875
	p dist pair: 	2.1165385246276855
	above 70.00%
iteration: 	89
	train
	time: 	284.4996180534363
	cross ent: 	0.003923824103040324
	cluster: 	0.008032920069576595
	separation:	0.046043319210038916
	avg separation:	0.9639313735624649
	accu: 		99.93993993993993%
	l1: 		1820.0999755859375
	p dist pair: 	2.1165385246276855
	test
	time: 	9.456043004989624
	cross ent: 	1.383531813991481
	cluster: 	0.045297053000279544
	separation:	0.038102258928120136
	avg separation:	0.9602239635483972
	accu: 		74.85329651363479%
	l1: 		1820.0999755859375
	p dist pair: 	2.1165385246276855
	above 70.00%
iteration: 	90
	train
	time: 	283.0582506656647
	cross ent: 	0.003856188484980223
	cluster: 	0.008033157598054919
	separation:	0.04604410501097551
	avg separation:	0.9639318586456394
	accu: 		99.9438327216105%
	l1: 		1826.55859375
	p dist pair: 	2.1165385246276855
	test
	time: 	9.45191502571106
	cross ent: 	1.3907073602594178
	cluster: 	0.045297053000279544
	separation:	0.038102258928120136
	avg separation:	0.9602239635483972
	accu: 		74.62892647566449%
	l1: 		1826.55859375
	p dist pair: 	2.1165385246276855
	above 70.00%
iteration: 	91
	train
	time: 	282.6915211677551
	cross ent: 	0.003875788363107483
	cluster: 	0.008032937486303036
	separation:	0.04604367340593416
	avg separation:	0.9639338871391219
	accu: 		99.94438883327771%
	l1: 		1823.648193359375
	p dist pair: 	2.1165385246276855
	test
	time: 	9.461265087127686
	cross ent: 	1.389294801087215
	cluster: 	0.045297053000279544
	separation:	0.038102258928120136
	avg separation:	0.9602239635483972
	accu: 		74.7842595788747%
	l1: 		1823.648193359375
	p dist pair: 	2.1165385246276855
	above 70.00%
iteration: 	92
	train
	time: 	283.72134256362915
	cross ent: 	0.003974307226812812
	cluster: 	0.008033272997124844
	separation:	0.04604391929663691
	avg separation:	0.9639319636431453
	accu: 		99.94327660994328%
	l1: 		1822.685546875
	p dist pair: 	2.1165385246276855
	test
	time: 	9.448221921920776
	cross ent: 	1.3826125993810852
	cluster: 	0.045297053000279544
	separation:	0.038102258928120136
	avg separation:	0.9602239635483972
	accu: 		74.83603727994476%
	l1: 		1822.685546875
	p dist pair: 	2.1165385246276855
	above 70.00%
iteration: 	93
	train
	time: 	283.04273557662964
	cross ent: 	0.0039393046349638665
	cluster: 	0.008032884113813728
	separation:	0.04604354835019258
	avg separation:	0.9639336212249837
	accu: 		99.9416082749416%
	l1: 		1828.300048828125
	p dist pair: 	2.1165385246276855
	test
	time: 	9.451055765151978
	cross ent: 	1.3877426940819313
	cluster: 	0.045297053000279544
	separation:	0.038102258928120136
	avg separation:	0.9602239635483972
	accu: 		74.62892647566449%
	l1: 		1828.300048828125
	p dist pair: 	2.1165385246276855
	above 70.00%
iteration: 	94
	train
	time: 	283.1216576099396
	cross ent: 	0.003835751564806855
	cluster: 	0.008033006852641834
	separation:	0.046043659338323245
	avg separation:	0.9639335483630781
	accu: 		99.9438327216105%
	l1: 		1833.019775390625
	p dist pair: 	2.1165385246276855
	test
	time: 	9.427736759185791
	cross ent: 	1.39786592023126
	cluster: 	0.045297053000279544
	separation:	0.038102258928120136
	avg separation:	0.9602239635483972
	accu: 		74.80151881256472%
	l1: 		1833.019775390625
	p dist pair: 	2.1165385246276855
	above 70.00%
iteration: 	95
	train
	time: 	283.2341945171356
	cross ent: 	0.0038577141345300346
	cluster: 	0.008033031040307108
	separation:	0.046043946175733284
	avg separation:	0.9639318012151854
	accu: 		99.94327660994328%
	l1: 		1822.0103759765625
	p dist pair: 	2.1165385246276855
	test
	time: 	9.439109563827515
	cross ent: 	1.3892103803568874
	cluster: 	0.045297053000279544
	separation:	0.038102258928120136
	avg separation:	0.9602239635483972
	accu: 		74.9223334483949%
	l1: 		1822.0103759765625
	p dist pair: 	2.1165385246276855
	above 70.00%
iteration: 	96
	train
	time: 	283.52548027038574
	cross ent: 	0.003872264738584232
	cluster: 	0.008032954999766051
	separation:	0.04604449020566094
	avg separation:	0.9639342765844165
	accu: 		99.94049605160717%
	l1: 		1827.7117919921875
	p dist pair: 	2.1165385246276855
	test
	time: 	9.453484296798706
	cross ent: 	1.3934644686764683
	cluster: 	0.045297053000279544
	separation:	0.038102258928120136
	avg separation:	0.9602239635483972
	accu: 		74.97411114946496%
	l1: 		1827.7117919921875
	p dist pair: 	2.1165385246276855
	above 70.00%
iteration: 	97
	train
	time: 	283.16604018211365
	cross ent: 	0.003878169442896413
	cluster: 	0.008033025676916515
	separation:	0.046043891411645874
	avg separation:	0.9639374526263981
	accu: 		99.94327660994328%
	l1: 		1835.831298828125
	p dist pair: 	2.1165385246276855
	test
	time: 	9.458898067474365
	cross ent: 	1.3943462351272846
	cluster: 	0.045297053000279544
	separation:	0.038102258928120136
	avg separation:	0.9602239635483972
	accu: 		74.74974111149464%
	l1: 		1835.831298828125
	p dist pair: 	2.1165385246276855
	above 70.00%
iteration: 	98
	train
	time: 	283.95386576652527
	cross ent: 	0.0038181881619506596
	cluster: 	0.008033005172076876
	separation:	0.046043239843789684
	avg separation:	0.9639335106063992
	accu: 		99.94438883327771%
	l1: 		1832.9278564453125
	p dist pair: 	2.1165385246276855
	test
	time: 	9.442930698394775
	cross ent: 	1.3967116228465377
	cluster: 	0.045297053000279544
	separation:	0.038102258928120136
	avg separation:	0.9602239635483972
	accu: 		74.76700034518467%
	l1: 		1832.9278564453125
	p dist pair: 	2.1165385246276855
	above 70.00%
iteration: 	99
	train
	time: 	283.53780817985535
	cross ent: 	0.0038310689738812525
	cluster: 	0.008033128428559591
	separation:	0.0460431097652034
	avg separation:	0.963933881252898
	accu: 		99.94105216327439%
	l1: 		1828.936767578125
	p dist pair: 	2.1165385246276855
	test
	time: 	9.473021984100342
	cross ent: 	1.392621633307687
	cluster: 	0.045297053000279544
	separation:	0.038102258928120136
	avg separation:	0.9602239635483972
	accu: 		74.81877804625474%
	l1: 		1828.936767578125
	p dist pair: 	2.1165385246276855
	above 70.00%
